bash-4.2$ jsonpatch RegionA/BkgOnly.json RegionA/patch.sbottom_900_250_60.json > sbottom_900_250_60.json
bash-4.2$ pyhf cls sbottom_900_250_60.json >> diff_cls.out
{
    "CLs_exp": [
        2.751515380173264e-09, 
        1.7473888576388805e-07, 
        9.297538494711312e-06, 
        0.0003548898368619003, 
        0.0076636338192437705
    ], 
    "CLs_obs": 2.282909529048885e-07
}

bash-4.2$ python cls_test.py >> diff_cls.out 
CLs_exp
3.34000338345e-09
2.06093118033e-07
1.06575629644e-05
0.000395538461051
0.0083111555589
CLs_obs
2.12015505975e-07

bash-4.2$ pyhf cls RegionA/BkgOnly.json -p RegionA/patch.sbottom_900_250_60.json >> diff_cls.out 
{
    "CLs_exp": [
        2.751515380173264e-09, 
        1.7473888576388805e-07, 
        9.297538494711312e-06, 
        0.0003548898368619003, 
        0.0076636338192437705
    ], 
    "CLs_obs": 2.282909529048885e-07
}
