
##################################################
    Branching Ratio x Cross Section @ 8 TeV  
##################################################
--------------------------------------------------
Production:   Xsec/fb       Rate
     Total:    38.869    100.00%
     T1_T1:    16.748     43.09%
     B1_B1:    14.355     36.93%
       G_G:     7.748     19.93%
     T2_T2:     0.018      0.05%
--------------------------------------------------
Output processes upto 0.5%
               Process:  Br*Xsec/fb     Rate    Accum
     T1bC1wN1_T1bC1wN1:     9.30135   23.93%   23.93%
     B1bN2hN1_B1tC1wN1:     5.88337   15.14%   39.07%
     T1bC1wN1_T1tN2hN1:     5.16047   13.28%   52.34%
     B1tC1wN1_B1tC1wN1:     4.33852   11.16%   63.50%
     B1bN2hN1_B1bN2hN1:     1.99457    5.13%   68.64%
 GbB1tC1wN1_GtT1bC1wN1:     1.58120    4.07%   72.70%
 GtT1bC1wN1_GtT1bC1wN1:     1.21232    3.12%   75.82%
 GbB1bN2hN1_GtT1bC1wN1:     1.07212    2.76%   78.58%
     B1bN2zN1_B1tC1wN1:     0.75278    1.94%   80.52%
     T1tN2hN1_T1tN2hN1:     0.71577    1.84%   82.36%
 GbB1bN2hN1_GbB1tC1wN1:     0.69917    1.80%   84.16%
 GtT1bC1wN1_GtT1tN2hN1:     0.67261    1.73%   85.89%
     T1bC1wN1_T1tN2zN1:     0.66029    1.70%   87.59%
        T1bC1wN1_T1tN1:     0.53872    1.39%   88.97%
 GbB1tC1wN1_GbB1tC1wN1:     0.51558    1.33%   90.30%
     B1bN2hN1_B1bN2zN1:     0.51041    1.31%   91.61%
        B1bN1_B1tC1wN1:     0.47048    1.21%   92.82%
 GbB1tC1wN1_GtT1tN2hN1:     0.43863    1.13%   93.95%
        B1bN1_B1bN2hN1:     0.31900    0.82%   94.77%
 GbB1bN2hN1_GtT1tN2hN1:     0.29741    0.77%   95.54%
 GbB1bN2hN1_GbB1bN2hN1:     0.23703    0.61%   96.15%
     T1tN2hN1_T1tN2zN1:     0.18317    0.47%   96.62%
...


############################################################
                 Analyses Details 
############################################################
------------------------------------------------------------
[ATLAS_CONF_2013_035]
3 leptons + Etmiss [EW production] at 8 TeV with $20.7fb^{-1}$.
https://cds.cern.ch/record/1532426
Ecm/TeV = 8
lumi*fb = 20.7
   #----  SRnoZa  ----#
   Nobs:              101
   Nbg:               96.0(19.0)
   Nvis_UL[observed]: 41.8
           Process       Nev    R[obs]
             Total    0.0000    0.0000
       T2tN1_T2tN1       nan       nan          
   GbB1bN1_GbB1bN1    0.0000    0.0000          
   GtT1tN1_GtT1tN1    0.0000    0.0000          
       B1bN1_B1bN1    0.0000    0.0000          
       T1tN1_T1tN1    0.0000    0.0000          
   #----  SRnoZb  ----#
   Nobs:              32
   Nbg:               29.0(6.0)
   Nvis_UL[observed]: 18.0
           Process       Nev    R[obs]
             Total    0.0000    0.0000
       T2tN1_T2tN1       nan       nan          
   GbB1bN1_GbB1bN1    0.0000    0.0000          
   GtT1tN1_GtT1tN1    0.0000    0.0000          
       B1bN1_B1bN1    0.0000    0.0000          
       T1tN1_T1tN1    0.0000    0.0000          
   #----  SRnoZc  ----#
   Nobs:              5
   Nbg:               4.4(1.8)
   Nvis_UL[observed]: 6.8
           Process       Nev    R[obs]
             Total    0.0000    0.0000
       T2tN1_T2tN1       nan       nan          
   GbB1bN1_GbB1bN1    0.0000    0.0000          
   GtT1tN1_GtT1tN1    0.0000    0.0000          
       B1bN1_B1bN1    0.0000    0.0000          
       T1tN1_T1tN1    0.0000    0.0000          
   #----  SRZa  ----#
   Nobs:              273
   Nbg:               249.0(35.0)
   Nvis_UL[observed]: 83.7
           Process       Nev    R[obs]
             Total    0.0000    0.0000
       T2tN1_T2tN1       nan       nan          
   GbB1bN1_GbB1bN1    0.0000    0.0000          
   GtT1tN1_GtT1tN1    0.0000    0.0000          
       B1bN1_B1bN1    0.0000    0.0000          
       T1tN1_T1tN1    0.0000    0.0000          
   #----  SRZb  ----#
   Nobs:              23
   Nbg:               22.0(5.0)
   Nvis_UL[observed]: 13.9
           Process       Nev    R[obs]
             Total    0.0000    0.0000
       T2tN1_T2tN1       nan       nan          
   GbB1bN1_GbB1bN1    0.0000    0.0000          
   GtT1tN1_GtT1tN1    0.0000    0.0000          
       B1bN1_B1bN1    0.0000    0.0000          
       T1tN1_T1tN1    0.0000    0.0000          
   #----  SRZc  ----#
   Nobs:              6
   Nbg:               6.3(1.5)
   Nvis_UL[observed]: 6.5
           Process       Nev    R[obs]
             Total    0.0000    0.0000
       T2tN1_T2tN1       nan       nan          
   GbB1bN1_GbB1bN1    0.0000    0.0000          
   GtT1tN1_GtT1tN1    0.0000    0.0000          
       B1bN1_B1bN1    0.0000    0.0000          
       T1tN1_T1tN1    0.0000    0.0000          

------------------------------------------------------------
[ATLAS_CONF_2013_024]
0 lepton + 6 (2 b-)jets + Etmiss [Heavy stop] at 8TeV with $20.5fb^{-1}$
https://cds.cern.ch/record/1525880
Ecm/TeV = 8
lumi*fb = 20.5
   #----  SR1: MET > 200  ----#
   Nobs:              15
   Nbg:               17.5(3.2)
   Nvis_UL[observed]: 10.0
           Process       Nev    R[obs]
             Total    0.0039    0.0004
   GtT1tN1_GtT1tN1    0.0012    0.0001          
       B1bN1_B1bN1    0.0002    0.0000          
       T2tN1_T2tN1       nan       nan          
       T1tN1_T1tN1    0.0025    0.0002          
   GbB1bN1_GbB1bN1    0.0000    0.0000          
   #----  SR2: MET > 300  ----#
   Nobs:              2
   Nbg:               4.7(1.5)
   Nvis_UL[observed]: 3.6
           Process       Nev    R[obs]
             Total    0.0030    0.0009
   GtT1tN1_GtT1tN1    0.0010    0.0003          
       B1bN1_B1bN1    0.0002    0.0000          
       T2tN1_T2tN1       nan       nan          
       T1tN1_T1tN1    0.0018    0.0005          
   GbB1bN1_GbB1bN1    0.0000    0.0000          
   #----  SR3: MET > 350  ----#
   Nobs:              1
   Nbg:               2.7(1.2)
   Nvis_UL[observed]: 3.9
           Process       Nev    R[obs]
             Total    0.0023    0.0006
   GtT1tN1_GtT1tN1    0.0008    0.0002          
       B1bN1_B1bN1    0.0001    0.0000          
       T2tN1_T2tN1       nan       nan          
       T1tN1_T1tN1    0.0014    0.0004          
   GbB1bN1_GbB1bN1    0.0000    0.0000          

------------------------------------------------------------
[ATLAS_CONF_2013_054]
0 leptons + >=7-10 jets + Etmiss [Incl. squarks & gluinos] at 8TeV with $20.3fb^{-1}$
http://arxiv.org/abs/1308.1841
Ecm/TeV = 8
lumi*fb = 20.3
   #----  7j80 flavor 1 b-jets  ----#
   Nobs:              17
   Nbg:               17.0(6.0)
   Nvis_UL[observed]: 16.0
           Process       Nev    R[obs]
             Total    0.0004    0.0000
   GtT1tN1_GtT1tN1    0.0003    0.0000          
       B1bN1_B1bN1    0.0000    0.0000          
       T2tN1_T2tN1       nan       nan          
       T1tN1_T1tN1    0.0001    0.0000          
   GbB1bN1_GbB1bN1    0.0000    0.0000          
   #----  7j80 flavor >=2 b-jets  ----#
   Nobs:              13
   Nbg:               25.0(10.0)
   Nvis_UL[observed]: 12.0
           Process       Nev    R[obs]
             Total    0.0007    0.0001
   GtT1tN1_GtT1tN1    0.0006    0.0000          
       B1bN1_B1bN1    0.0000    0.0000          
       T2tN1_T2tN1       nan       nan          
   GbB1bN1_GbB1bN1    0.0001    0.0000          
       T1tN1_T1tN1    0.0000    0.0000          
   #----  8j50 flavor 0 b-jets  ----#
   Nobs:              40
   Nbg:               35.0(4.0)
   Nvis_UL[observed]: 20.0
           Process       Nev    R[obs]
             Total    0.0001    0.0000
       B1bN1_B1bN1    0.0000    0.0000          
   GtT1tN1_GtT1tN1    0.0000    0.0000          
       T2tN1_T2tN1       nan       nan          
       T1tN1_T1tN1    0.0001    0.0000          
   GbB1bN1_GbB1bN1    0.0000    0.0000          
   #----  8j50 flavor 1 b-jets  ----#
   Nobs:              44
   Nbg:               40.0(10.0)
   Nvis_UL[observed]: 23.0
           Process       Nev    R[obs]
             Total    0.0010    0.0000
   GtT1tN1_GtT1tN1    0.0008    0.0000          
       B1bN1_B1bN1    0.0000    0.0000          
       T2tN1_T2tN1       nan       nan          
       T1tN1_T1tN1    0.0002    0.0000          
   GbB1bN1_GbB1bN1    0.0000    0.0000          
   #----  8j50 flavor >=2 b-jets  ----#
   Nobs:              44
   Nbg:               50.0(10.0)
   Nvis_UL[observed]: 22.0
           Process       Nev    R[obs]
             Total    0.0008    0.0000
   GtT1tN1_GtT1tN1    0.0007    0.0000          
       B1bN1_B1bN1    0.0000    0.0000          
       T2tN1_T2tN1       nan       nan          
       T1tN1_T1tN1    0.0001    0.0000          
   GbB1bN1_GbB1bN1    0.0000    0.0000          
   #----  9j50 flavor 0 b-jets  ----#
   Nobs:              5
   Nbg:               3.3(0.7)
   Nvis_UL[observed]: 7.0
           Process       Nev    R[obs]
             Total    0.0000    0.0000
   GtT1tN1_GtT1tN1    0.0000    0.0000          
       B1bN1_B1bN1    0.0000    0.0000          
       T2tN1_T2tN1       nan       nan          
       T1tN1_T1tN1    0.0000    0.0000          
   GbB1bN1_GbB1bN1    0.0000    0.0000          
   #----  9j50 flavor 1 b-jets  ----#
   Nobs:              8
   Nbg:               6.1(1.7)
   Nvis_UL[observed]: 9.0
           Process       Nev    R[obs]
             Total    0.0003    0.0000
   GtT1tN1_GtT1tN1    0.0003    0.0000          
       B1bN1_B1bN1    0.0000    0.0000          
       T2tN1_T2tN1       nan       nan          
       T1tN1_T1tN1    0.0000    0.0000          
   GbB1bN1_GbB1bN1    0.0000    0.0000          
   #----  9j50 flavor >=2 b-jets  ----#
   Nobs:              7
   Nbg:               8.0(2.7)
   Nvis_UL[observed]: 7.0
           Process       Nev    R[obs]
             Total    0.0004    0.0001
   GtT1tN1_GtT1tN1    0.0004    0.0001          
       B1bN1_B1bN1    0.0000    0.0000          
       T2tN1_T2tN1       nan       nan          
       T1tN1_T1tN1    0.0000    0.0000          
   GbB1bN1_GbB1bN1    0.0000    0.0000          
   #----  10j50 flavor  ----#
   Nobs:              3
   Nbg:               1.37(0.35)
   Nvis_UL[observed]: 6.0
           Process       Nev    R[obs]
             Total    0.0007    0.0001
   GtT1tN1_GtT1tN1    0.0006    0.0001          
       B1bN1_B1bN1    0.0000    0.0000          
       T2tN1_T2tN1       nan       nan          
       T1tN1_T1tN1    0.0000    0.0000          
   GbB1bN1_GbB1bN1    0.0000    0.0000          
   #----  7j80 flavor 0 b-jets  ----#
   Nobs:              12
   Nbg:               11.0(2.2)
   Nvis_UL[observed]: 10.0
           Process       Nev    R[obs]
             Total    0.0000    0.0000
       B1bN1_B1bN1    0.0000    0.0000          
   GtT1tN1_GtT1tN1    0.0000    0.0000          
       T2tN1_T2tN1       nan       nan          
       T1tN1_T1tN1    0.0000    0.0000          
   GbB1bN1_GbB1bN1    0.0000    0.0000          
   #----  8j80 flavor >=2 b-jets  ----#
   Nobs:              3
   Nbg:               3.3(2.2)
   Nvis_UL[observed]: 6.0
           Process       Nev    R[obs]
             Total    0.0005    0.0001
   GtT1tN1_GtT1tN1    0.0004    0.0001          
       B1bN1_B1bN1    0.0000    0.0000          
       T2tN1_T2tN1       nan       nan          
       T1tN1_T1tN1    0.0000    0.0000          
   GbB1bN1_GbB1bN1    0.0000    0.0000          
   #----  8j50 MJ 340  ----#
   Nobs:              69
   Nbg:               75.0(19.0)
   Nvis_UL[observed]: 35.0
           Process       Nev    R[obs]
             Total    0.0026    0.0001
   GtT1tN1_GtT1tN1    0.0024    0.0001          
       B1bN1_B1bN1    0.0000    0.0000          
       T2tN1_T2tN1       nan       nan          
       T1tN1_T1tN1    0.0002    0.0000          
   GbB1bN1_GbB1bN1    0.0000    0.0000          
   #----  8j80 flavor 0 b-jets  ----#
   Nobs:              2
   Nbg:               0.9(0.6)
   Nvis_UL[observed]: 5.0
           Process       Nev    R[obs]
             Total    0.0000    0.0000
   GtT1tN1_GtT1tN1    0.0000    0.0000          
       B1bN1_B1bN1    0.0000    0.0000          
       T2tN1_T2tN1       nan       nan          
       T1tN1_T1tN1    0.0000    0.0000          
   GbB1bN1_GbB1bN1    0.0000    0.0000          
   #----  8j80 flavor 1 b-jets  ----#
   Nobs:              1
   Nbg:               1.5(0.9)
   Nvis_UL[observed]: 3.5
           Process       Nev    R[obs]
             Total    0.0002    0.0001
   GtT1tN1_GtT1tN1    0.0002    0.0001          
       B1bN1_B1bN1    0.0000    0.0000          
       T2tN1_T2tN1       nan       nan          
       T1tN1_T1tN1    0.0000    0.0000          
   GbB1bN1_GbB1bN1    0.0000    0.0000          
   #----  9j50 MJ 420  ----#
   Nobs:              9
   Nbg:               11.0(5.0)
   Nvis_UL[observed]: 10.0
           Process       Nev    R[obs]
             Total    0.0010    0.0001
   GtT1tN1_GtT1tN1    0.0010    0.0001          
       B1bN1_B1bN1    0.0000    0.0000          
       T2tN1_T2tN1       nan       nan          
       T1tN1_T1tN1    0.0000    0.0000          
   GbB1bN1_GbB1bN1    0.0000    0.0000          
   #----  10j50 MJ 340  ----#
   Nobs:              1
   Nbg:               3.2(3.45)
   Nvis_UL[observed]: 4.0
           Process       Nev    R[obs]
             Total    0.0006    0.0002
   GtT1tN1_GtT1tN1    0.0006    0.0002          
       B1bN1_B1bN1    0.0000    0.0000          
       T2tN1_T2tN1       nan       nan          
       T1tN1_T1tN1    0.0000    0.0000          
   GbB1bN1_GbB1bN1    0.0000    0.0000          
   #----  8j50 MJ 420  ----#
   Nobs:              37
   Nbg:               45.0(14.0)
   Nvis_UL[observed]: 20.0
           Process       Nev    R[obs]
             Total    0.0017    0.0001
   GtT1tN1_GtT1tN1    0.0017    0.0001          
       B1bN1_B1bN1    0.0000    0.0000          
       T2tN1_T2tN1       nan       nan          
       T1tN1_T1tN1    0.0001    0.0000          
   GbB1bN1_GbB1bN1    0.0000    0.0000          
   #----  9j50 MJ 340  ----#
   Nobs:              13
   Nbg:               17.0(7.0)
   Nvis_UL[observed]: 11.0
           Process       Nev    R[obs]
             Total    0.0013    0.0001
   GtT1tN1_GtT1tN1    0.0013    0.0001          
       B1bN1_B1bN1    0.0000    0.0000          
       T2tN1_T2tN1       nan       nan          
       T1tN1_T1tN1    0.0000    0.0000          
   GbB1bN1_GbB1bN1    0.0000    0.0000          
   #----  10j50 MJ 420  ----#
   Nobs:              1
   Nbg:               2.2(2.0)
   Nvis_UL[observed]: 4.0
           Process       Nev    R[obs]
             Total    0.0005    0.0001
   GtT1tN1_GtT1tN1    0.0005    0.0001          
       B1bN1_B1bN1    0.0000    0.0000          
       T2tN1_T2tN1       nan       nan          
   GbB1bN1_GbB1bN1    0.0000    0.0000          
       T1tN1_T1tN1    0.0000    0.0000          

------------------------------------------------------------
[ATLAS_CONF_2013_053]
0 leptons + 2 b-jets + Etmiss [Sbottom/stop] at 8TeV with $20.1fb^{-1}$ 
http://arxiv.org/abs/1308.2631
Ecm/TeV = 8
lumi*fb = 20.1
   #----  SRA mCT150  ----#
   Nobs:              102
   Nbg:               94.0(13.0)
   Nvis_UL[observed]: 38.0
           Process       Nev    R[obs]
             Total    0.0097    0.0003
       B1bN1_B1bN1    0.0094    0.0002          
   GtT1tN1_GtT1tN1    0.0000    0.0000          
       T2tN1_T2tN1       nan       nan          
       T1tN1_T1tN1    0.0003    0.0000          
   GbB1bN1_GbB1bN1    0.0000    0.0000          
   #----  SRA mCT200  ----#
   Nobs:              48
   Nbg:               39.0(6.0)
   Nvis_UL[observed]: 26.0
           Process       Nev    R[obs]
             Total    0.0085    0.0003
       B1bN1_B1bN1    0.0083    0.0003          
   GtT1tN1_GtT1tN1    0.0000    0.0000          
       T2tN1_T2tN1       nan       nan          
       T1tN1_T1tN1    0.0002    0.0000          
   GbB1bN1_GbB1bN1    0.0000    0.0000          
   #----  SRA mCT250  ----#
   Nobs:              14
   Nbg:               15.8(2.8)
   Nvis_UL[observed]: 9.0
           Process       Nev    R[obs]
             Total    0.0071    0.0008
       B1bN1_B1bN1    0.0070    0.0008          
   GtT1tN1_GtT1tN1    0.0000    0.0000          
       T2tN1_T2tN1       nan       nan          
       T1tN1_T1tN1    0.0001    0.0000          
   GbB1bN1_GbB1bN1    0.0000    0.0000          
   #----  SRA mCT300  ----#
   Nobs:              7
   Nbg:               5.9(1.1)
   Nvis_UL[observed]: 7.5
           Process       Nev    R[obs]
             Total    0.0056    0.0007
       B1bN1_B1bN1    0.0055    0.0007          
   GtT1tN1_GtT1tN1    0.0000    0.0000          
       T2tN1_T2tN1       nan       nan          
       T1tN1_T1tN1    0.0001    0.0000          
   GbB1bN1_GbB1bN1    0.0000    0.0000          
   #----  SRA mCT350  ----#
   Nobs:              3
   Nbg:               2.5(0.6)
   Nvis_UL[observed]: 5.2
           Process       Nev    R[obs]
             Total    0.0040    0.0008
       B1bN1_B1bN1    0.0040    0.0008          
   GtT1tN1_GtT1tN1    0.0000    0.0000          
       T2tN1_T2tN1       nan       nan          
       T1tN1_T1tN1    0.0000    0.0000          
   GbB1bN1_GbB1bN1    0.0000    0.0000          
   #----  SRB  ----#
   Nobs:              65
   Nbg:               64.0(10.0)
   Nvis_UL[observed]: 27.0
           Process       Nev    R[obs]
             Total    0.0007    0.0000
       B1bN1_B1bN1    0.0005    0.0000          
   GtT1tN1_GtT1tN1    0.0000    0.0000          
       T2tN1_T2tN1       nan       nan          
       T1tN1_T1tN1    0.0002    0.0000          
   GbB1bN1_GbB1bN1    0.0000    0.0000          

------------------------------------------------------------
[ATLAS_CONF_2013_037]
1 lepton + 4(1 b-)jets + Etmiss [Medium / heavy stop] at 8TeV with $20.7fb^{-1}$
https://cds.cern.ch/record/1532431
Ecm/TeV = 8
lumi*fb = 20.7
   #----  SRtN2  ----#
   Nobs:              14
   Nbg:               13.0(3.0)
   Nvis_UL[observed]: 10.7
           Process       Nev    R[obs]
             Total    0.0036    0.0003
   GtT1tN1_GtT1tN1    0.0009    0.0001          
       B1bN1_B1bN1    0.0000    0.0000          
       T2tN1_T2tN1       nan       nan          
       T1tN1_T1tN1    0.0027    0.0003          
   GbB1bN1_GbB1bN1    0.0000    0.0000          
   #----  SRtN3  ----#
   Nobs:              7
   Nbg:               5.0(2.0)
   Nvis_UL[observed]: 8.5
           Process       Nev    R[obs]
             Total    0.0026    0.0003
   GtT1tN1_GtT1tN1    0.0006    0.0001          
       B1bN1_B1bN1    0.0000    0.0000          
       T2tN1_T2tN1       nan       nan          
       T1tN1_T1tN1    0.0021    0.0002          
   GbB1bN1_GbB1bN1    0.0000    0.0000          
   #----  SRbC1  ----#
   Nobs:              456
   Nbg:               482.0(76.0)
   Nvis_UL[observed]: 83.2
           Process       Nev    R[obs]
             Total    0.0088    0.0001
   GtT1tN1_GtT1tN1    0.0015    0.0000          
       B1bN1_B1bN1    0.0000    0.0000          
       T2tN1_T2tN1       nan       nan          
       T1tN1_T1tN1    0.0074    0.0001          
   GbB1bN1_GbB1bN1    0.0000    0.0000          
   #----  SRbC2  ----#
   Nobs:              25
   Nbg:               25.0(18.0)
   Nvis_UL[observed]: 19.5
           Process       Nev    R[obs]
             Total    0.0033    0.0002
   GtT1tN1_GtT1tN1    0.0011    0.0001          
       B1bN1_B1bN1    0.0000    0.0000          
       T2tN1_T2tN1       nan       nan          
       T1tN1_T1tN1    0.0022    0.0001          
   GbB1bN1_GbB1bN1    0.0000    0.0000          
   #----  SRbC3  ----#
   Nobs:              6
   Nbg:               7.0(3.0)
   Nvis_UL[observed]: 7.6
           Process       Nev    R[obs]
             Total    0.0019    0.0002
   GtT1tN1_GtT1tN1    0.0008    0.0001          
       B1bN1_B1bN1    0.0000    0.0000          
       T2tN1_T2tN1       nan       nan          
       T1tN1_T1tN1    0.0011    0.0001          
   GbB1bN1_GbB1bN1    0.0000    0.0000          

------------------------------------------------------------
[ATLAS_CONF_2013_049]
2 leptons + Etmiss [EW production] at 8 TeV with $20.3fb^{-1}$.
https://cds.cern.ch/record/1547565
Ecm/TeV = 8
lumi*fb = 20.3
   #----  WWc  ----#
   Nobs:              9
   Nbg:               7.4(1.5)
   Nvis_UL[observed]: 8.729
           Process       Nev    R[obs]
             Total    0.0000    0.0000
   GtT1tN1_GtT1tN1    0.0000    0.0000          
       B1bN1_B1bN1    0.0000    0.0000          
       T2tN1_T2tN1       nan       nan          
       T1tN1_T1tN1    0.0000    0.0000          
   GbB1bN1_GbB1bN1    0.0000    0.0000          
   #----  ee: mT2 > 90  ----#
   Nobs:              15
   Nbg:               16.6(2.3)
   Nvis_UL[observed]: 8.932
           Process       Nev    R[obs]
             Total    0.0000    0.0000
   GtT1tN1_GtT1tN1    0.0000    0.0000          
       B1bN1_B1bN1    0.0000    0.0000          
       T2tN1_T2tN1       nan       nan          
       T1tN1_T1tN1    0.0000    0.0000          
   GbB1bN1_GbB1bN1    0.0000    0.0000          
   #----  em: mT2 > 90  ----#
   Nobs:              19
   Nbg:               20.7(3.2)
   Nvis_UL[observed]: 10.353
           Process       Nev    R[obs]
             Total    0.0000    0.0000
   GtT1tN1_GtT1tN1    0.0000    0.0000          
       B1bN1_B1bN1    0.0000    0.0000          
       T2tN1_T2tN1       nan       nan          
       T1tN1_T1tN1    0.0000    0.0000          
   GbB1bN1_GbB1bN1    0.0000    0.0000          
   #----  mm: mT2 > 90  ----#
   Nobs:              19
   Nbg:               22.4(3.3)
   Nvis_UL[observed]: 9.541
           Process       Nev    R[obs]
             Total    0.0000    0.0000
       T2tN1_T2tN1       nan       nan          
   GbB1bN1_GbB1bN1    0.0000    0.0000          
   GtT1tN1_GtT1tN1    0.0000    0.0000          
       B1bN1_B1bN1    0.0000    0.0000          
       T1tN1_T1tN1    0.0000    0.0000          
   #----  ee: mT2 > 110  ----#
   Nobs:              4
   Nbg:               6.1(2.2)
   Nvis_UL[observed]: 5.481
           Process       Nev    R[obs]
             Total    0.0000    0.0000
   GtT1tN1_GtT1tN1    0.0000    0.0000          
       B1bN1_B1bN1    0.0000    0.0000          
       T2tN1_T2tN1       nan       nan          
       T1tN1_T1tN1    0.0000    0.0000          
   GbB1bN1_GbB1bN1    0.0000    0.0000          
   #----  em: mT2 > 110  ----#
   Nobs:              5
   Nbg:               4.4(2.0)
   Nvis_UL[observed]: 7.105
           Process       Nev    R[obs]
             Total    0.0000    0.0000
   GtT1tN1_GtT1tN1    0.0000    0.0000          
       B1bN1_B1bN1    0.0000    0.0000          
       T2tN1_T2tN1       nan       nan          
       T1tN1_T1tN1    0.0000    0.0000          
   GbB1bN1_GbB1bN1    0.0000    0.0000          
   #----  mm: mT2 > 110  ----#
   Nobs:              4
   Nbg:               6.3(2.4)
   Nvis_UL[observed]: 5.684
           Process       Nev    R[obs]
             Total    0.0000    0.0000
       T2tN1_T2tN1       nan       nan          
   GbB1bN1_GbB1bN1    0.0000    0.0000          
   GtT1tN1_GtT1tN1    0.0000    0.0000          
       B1bN1_B1bN1    0.0000    0.0000          
       T1tN1_T1tN1    0.0000    0.0000          
   #----  WWa  ----#
   Nobs:              123
   Nbg:               117.9(14.6)
   Nvis_UL[observed]: 39.382
           Process       Nev    R[obs]
             Total    0.0000    0.0000
       T2tN1_T2tN1       nan       nan          
   GbB1bN1_GbB1bN1    0.0000    0.0000          
   GtT1tN1_GtT1tN1    0.0000    0.0000          
       B1bN1_B1bN1    0.0000    0.0000          
       T1tN1_T1tN1    0.0000    0.0000          
   #----  WWb  ----#
   Nobs:              16
   Nbg:               13.6(2.3)
   Nvis_UL[observed]: 11.774
           Process       Nev    R[obs]
             Total    0.0000    0.0000
       T2tN1_T2tN1       nan       nan          
   GbB1bN1_GbB1bN1    0.0000    0.0000          
   GtT1tN1_GtT1tN1    0.0000    0.0000          
       B1bN1_B1bN1    0.0000    0.0000          
       T1tN1_T1tN1    0.0000    0.0000          

------------------------------------------------------------
[ATLAS_CONF_2013_048]
2 leptons (+ jets) + Etmiss [Medium stop] at 8 TeV with $20.3fb^{-1}$.
http://cds.cern.ch/record/1547564
Ecm/TeV = 8
lumi*fb = 20.3
   #----  SR M90  ----#
   Nobs:              260
   Nbg:               300.0(40.0)
   Nvis_UL[observed]: 50.75
           Process       Nev    R[obs]
             Total    0.0010    0.0000
   GtT1tN1_GtT1tN1    0.0000    0.0000          
       B1bN1_B1bN1    0.0000    0.0000          
       T2tN1_T2tN1       nan       nan          
       T1tN1_T1tN1    0.0010    0.0000          
   GbB1bN1_GbB1bN1    0.0000    0.0000          
   #----  SR M100  ----#
   Nobs:              3
   Nbg:               4.8(2.2)
   Nvis_UL[observed]: 5.481
           Process       Nev    R[obs]
             Total    0.0005    0.0001
   GtT1tN1_GtT1tN1    0.0000    0.0000          
       B1bN1_B1bN1    0.0000    0.0000          
       T2tN1_T2tN1       nan       nan          
       T1tN1_T1tN1    0.0005    0.0001          
   GbB1bN1_GbB1bN1    0.0000    0.0000          
   #----  SR M110  ----#
   Nobs:              7
   Nbg:               11.0(4.0)
   Nvis_UL[observed]: 8.12
           Process       Nev    R[obs]
             Total    0.0007    0.0001
   GtT1tN1_GtT1tN1    0.0000    0.0000          
       B1bN1_B1bN1    0.0000    0.0000          
       T2tN1_T2tN1       nan       nan          
       T1tN1_T1tN1    0.0007    0.0001          
   GbB1bN1_GbB1bN1    0.0000    0.0000          
   #----  SR M120  ----#
   Nobs:              3
   Nbg:               4.3(1.3)
   Nvis_UL[observed]: 4.669
           Process       Nev    R[obs]
             Total    0.0006    0.0001
   GtT1tN1_GtT1tN1    0.0000    0.0000          
       B1bN1_B1bN1    0.0000    0.0000          
       T2tN1_T2tN1       nan       nan          
       T1tN1_T1tN1    0.0006    0.0001          
   GbB1bN1_GbB1bN1    0.0000    0.0000          

------------------------------------------------------------
[ATLAS_CONF_2013_062]
1-2 leptons + 3-6 jets + Etmiss [Incl. squarks & gluinos, mUED] at 8TeV with $20.3fb^{-1}$
http://cds.cern.ch/record/1557779
Ecm/TeV = 8
lumi*fb = 20.3
   #----  incHL3j_m  ----#
   Nobs:              5
   Nbg:               2.7(0.9)
   Nvis_UL[observed]: 7.7
           Process       Nev    R[obs]
             Total    0.0005    0.0001
   GtT1tN1_GtT1tN1    0.0003    0.0000          
       B1bN1_B1bN1    0.0000    0.0000          
       T2tN1_T2tN1       nan       nan          
       T1tN1_T1tN1    0.0002    0.0000          
   GbB1bN1_GbB1bN1    0.0000    0.0000          
   #----  incHL5j_e  ----#
   Nobs:              4
   Nbg:               3.6(1.0)
   Nvis_UL[observed]: 6.0
           Process       Nev    R[obs]
             Total    0.0011    0.0002
   GtT1tN1_GtT1tN1    0.0010    0.0002          
       B1bN1_B1bN1    0.0000    0.0000          
       T2tN1_T2tN1       nan       nan          
       T1tN1_T1tN1    0.0002    0.0000          
   GbB1bN1_GbB1bN1    0.0000    0.0000          
   #----  SL1b_low  ----#
   Nobs:              8
   Nbg:               6.1(1.4)
   Nvis_UL[observed]: 8.8
           Process       Nev    R[obs]
             Total    0.0002    0.0000
   GtT1tN1_GtT1tN1    0.0000    0.0000          
       B1bN1_B1bN1    0.0000    0.0000          
       T2tN1_T2tN1       nan       nan          
       T1tN1_T1tN1    0.0002    0.0000          
   GbB1bN1_GbB1bN1    0.0000    0.0000          
   #----  SL1b_high  ----#
   Nobs:              6
   Nbg:               4.0(1.1)
   Nvis_UL[observed]: 7.9
           Process       Nev    R[obs]
             Total    0.0002    0.0000
   GtT1tN1_GtT1tN1    0.0000    0.0000          
       B1bN1_B1bN1    0.0000    0.0000          
       T2tN1_T2tN1       nan       nan          
       T1tN1_T1tN1    0.0002    0.0000          
   GbB1bN1_GbB1bN1    0.0000    0.0000          
   #----  SL2b_low  ----#
   Nobs:              24
   Nbg:               24.1(4.1)
   Nvis_UL[observed]: 13.4
           Process       Nev    R[obs]
             Total    0.0001    0.0000
   GtT1tN1_GtT1tN1    0.0000    0.0000          
       B1bN1_B1bN1    0.0000    0.0000          
       T2tN1_T2tN1       nan       nan          
       T1tN1_T1tN1    0.0001    0.0000          
   GbB1bN1_GbB1bN1    0.0000    0.0000          
   #----  SL2b_high  ----#
   Nobs:              3
   Nbg:               3.6(1.4)
   Nvis_UL[observed]: 5.3
           Process       Nev    R[obs]
             Total    0.0000    0.0000
   GtT1tN1_GtT1tN1    0.0000    0.0000          
       B1bN1_B1bN1    0.0000    0.0000          
       T2tN1_T2tN1       nan       nan          
       T1tN1_T1tN1    0.0000    0.0000          
   GbB1bN1_GbB1bN1    0.0000    0.0000          
   #----  SL3j  ----#
   Nobs:              7
   Nbg:               5.6(1.6)
   Nvis_UL[observed]: 8.1
           Process       Nev    R[obs]
             Total    0.0002    0.0000
       B1bN1_B1bN1    0.0000    0.0000          
   GtT1tN1_GtT1tN1    0.0000    0.0000          
       T2tN1_T2tN1       nan       nan          
       T1tN1_T1tN1    0.0002    0.0000          
   GbB1bN1_GbB1bN1    0.0000    0.0000          
   #----  SL5j  ----#
   Nobs:              9
   Nbg:               14.8(3.7)
   Nvis_UL[observed]: 7.1
           Process       Nev    R[obs]
             Total    0.0004    0.0000
   GtT1tN1_GtT1tN1    0.0000    0.0000          
       B1bN1_B1bN1    0.0000    0.0000          
       T2tN1_T2tN1       nan       nan          
       T1tN1_T1tN1    0.0003    0.0000          
   GbB1bN1_GbB1bN1    0.0000    0.0000          
   #----  SL2m  ----#
   Nobs:              7
   Nbg:               1.6(1.0)
   Nvis_UL[observed]: 11.5
           Process       Nev    R[obs]
             Total    0.0000    0.0000
       T2tN1_T2tN1       nan       nan          
   GbB1bN1_GbB1bN1    0.0000    0.0000          
   GtT1tN1_GtT1tN1    0.0000    0.0000          
       B1bN1_B1bN1    0.0000    0.0000          
       T1tN1_T1tN1    0.0000    0.0000          
   #----  incHL3j_e  ----#
   Nobs:              4
   Nbg:               3.9(1.0)
   Nvis_UL[observed]: 6.0
           Process       Nev    R[obs]
             Total    0.0006    0.0001
   GtT1tN1_GtT1tN1    0.0004    0.0001          
       B1bN1_B1bN1    0.0000    0.0000          
       T2tN1_T2tN1       nan       nan          
       T1tN1_T1tN1    0.0002    0.0000          
   GbB1bN1_GbB1bN1    0.0000    0.0000          
   #----  incHL6j_m  ----#
   Nobs:              0
   Nbg:               1.7(0.6)
   Nvis_UL[observed]: 3.0
           Process       Nev    R[obs]
             Total    0.0009    0.0003
   GtT1tN1_GtT1tN1    0.0007    0.0002          
       B1bN1_B1bN1    0.0000    0.0000          
       T2tN1_T2tN1       nan       nan          
       T1tN1_T1tN1    0.0002    0.0001          
   GbB1bN1_GbB1bN1    0.0000    0.0000          
   #----  incHL5j_m  ----#
   Nobs:              2
   Nbg:               2.5(0.8)
   Nvis_UL[observed]: 4.6
           Process       Nev    R[obs]
             Total    0.0008    0.0002
   GtT1tN1_GtT1tN1    0.0006    0.0001          
       B1bN1_B1bN1    0.0000    0.0000          
       T2tN1_T2tN1       nan       nan          
       T1tN1_T1tN1    0.0001    0.0000          
   GbB1bN1_GbB1bN1    0.0000    0.0000          
   #----  incHL6j_e  ----#
   Nobs:              2
   Nbg:               2.0(0.7)
   Nvis_UL[observed]: 4.6
           Process       Nev    R[obs]
             Total    0.0015    0.0003
   GtT1tN1_GtT1tN1    0.0013    0.0003          
       B1bN1_B1bN1    0.0000    0.0000          
       T2tN1_T2tN1       nan       nan          
       T1tN1_T1tN1    0.0002    0.0000          
   GbB1bN1_GbB1bN1    0.0000    0.0000          

------------------------------------------------------------
[ATLAS_CONF_2013_061]
0-1 leptons + >=3 b-jets + Etmiss [3rd gen. squarks] at 8TeV with $20.1fb^{-1}$
http://cds.cern.ch/record/1557778
Ecm/TeV = 8
lumi*fb = 20.1
   #----  SR-1l-6j-C  ----#
   Nobs:              0
   Nbg:               3.0(2.8)
   Nvis_UL[observed]: 3.0
           Process       Nev    R[obs]
             Total    0.0015    0.0005
   GtT1tN1_GtT1tN1    0.0015    0.0005          
       B1bN1_B1bN1    0.0000    0.0000          
       T2tN1_T2tN1       nan       nan          
       T1tN1_T1tN1    0.0000    0.0000          
   GbB1bN1_GbB1bN1    0.0000    0.0000          
   #----  SR-0l-4j-A  ----#
   Nobs:              2
   Nbg:               3.0(1.3)
   Nvis_UL[observed]: 4.6
           Process       Nev    R[obs]
             Total    0.0031    0.0007
   GtT1tN1_GtT1tN1    0.0012    0.0003          
       B1bN1_B1bN1    0.0003    0.0001          
       T2tN1_T2tN1       nan       nan          
   GbB1bN1_GbB1bN1    0.0012    0.0003          
       T1tN1_T1tN1    0.0003    0.0001          
   #----  SR-0l-4j-B  ----#
   Nobs:              3
   Nbg:               1.3(1.0)
   Nvis_UL[observed]: 6.7
           Process       Nev    R[obs]
             Total    0.0039    0.0006
       T2tN1_T2tN1       nan       nan          
   GbB1bN1_GbB1bN1    0.0024    0.0004          
   GtT1tN1_GtT1tN1    0.0011    0.0002          
       B1bN1_B1bN1    0.0002    0.0000          
       T1tN1_T1tN1    0.0002    0.0000          
   #----  SR-0l-4j-C  ----#
   Nobs:              2
   Nbg:               1.8(1.0)
   Nvis_UL[observed]: 4.8
           Process       Nev    R[obs]
             Total    0.0034    0.0007
       T2tN1_T2tN1       nan       nan          
   GbB1bN1_GbB1bN1    0.0023    0.0005          
   GtT1tN1_GtT1tN1    0.0009    0.0002          
       B1bN1_B1bN1    0.0001    0.0000          
       T1tN1_T1tN1    0.0001    0.0000          
   #----  SR-0l-7j-A  ----#
   Nobs:              22
   Nbg:               22.5(6.9)
   Nvis_UL[observed]: 15.3
           Process       Nev    R[obs]
             Total    0.0028    0.0002
   GtT1tN1_GtT1tN1    0.0022    0.0001          
       B1bN1_B1bN1    0.0000    0.0000          
       T2tN1_T2tN1       nan       nan          
       T1tN1_T1tN1    0.0003    0.0000          
   GbB1bN1_GbB1bN1    0.0002    0.0000          
   #----  SR-0l-7j-B  ----#
   Nobs:              3
   Nbg:               3.6(2.5)
   Nvis_UL[observed]: 6.1
           Process       Nev    R[obs]
             Total    0.0022    0.0004
   GtT1tN1_GtT1tN1    0.0018    0.0003          
       B1bN1_B1bN1    0.0000    0.0000          
       T2tN1_T2tN1       nan       nan          
       T1tN1_T1tN1    0.0002    0.0000          
   GbB1bN1_GbB1bN1    0.0001    0.0000          
   #----  SR-0l-7j-C  ----#
   Nobs:              1
   Nbg:               0.8(0.85)
   Nvis_UL[observed]: 3.9
           Process       Nev    R[obs]
             Total    0.0017    0.0004
   GtT1tN1_GtT1tN1    0.0015    0.0004          
       B1bN1_B1bN1    0.0000    0.0000          
       T2tN1_T2tN1       nan       nan          
   GbB1bN1_GbB1bN1    0.0001    0.0000          
       T1tN1_T1tN1    0.0000    0.0000          
   #----  SR-1l-6j-A  ----#
   Nobs:              7
   Nbg:               15.5(8.4)
   Nvis_UL[observed]: 6.6
           Process       Nev    R[obs]
             Total    0.0020    0.0003
   GtT1tN1_GtT1tN1    0.0019    0.0003          
       B1bN1_B1bN1    0.0000    0.0000          
       T2tN1_T2tN1       nan       nan          
       T1tN1_T1tN1    0.0001    0.0000          
   GbB1bN1_GbB1bN1    0.0000    0.0000          
   #----  SR-1l-6j-B  ----#
   Nobs:              0
   Nbg:               7.4(5.7)
   Nvis_UL[observed]: 3.0
           Process       Nev    R[obs]
             Total    0.0018    0.0006
   GtT1tN1_GtT1tN1    0.0017    0.0006          
       B1bN1_B1bN1    0.0000    0.0000          
       T2tN1_T2tN1       nan       nan          
       T1tN1_T1tN1    0.0001    0.0000          
   GbB1bN1_GbB1bN1    0.0000    0.0000          

------------------------------------------------------------
[ATLAS_CONF_2013_047]
0 leptons + 2-6 jets + Etmiss [Incl. squarks & gluinos] at 8TeV with $20.3fb^{-1}$
http://cds.cern.ch/record/1547563
Ecm/TeV = 8
lumi*fb = 20.3
   #----  E Medium  ----#
   Nobs:              41
   Nbg:               30.0(8.0)
   Nvis_UL[observed]: 28.6
           Process       Nev    R[obs]
             Total    0.0055    0.0002
   GtT1tN1_GtT1tN1    0.0021    0.0001          
       B1bN1_B1bN1    0.0007    0.0000          
       T2tN1_T2tN1       nan       nan          
       T1tN1_T1tN1    0.0017    0.0001          
   GbB1bN1_GbB1bN1    0.0010    0.0000          
   #----  E Tight  ----#
   Nobs:              5
   Nbg:               2.9(1.8)
   Nvis_UL[observed]: 8.3
           Process       Nev    R[obs]
             Total    0.0018    0.0002
   GtT1tN1_GtT1tN1    0.0011    0.0001          
       B1bN1_B1bN1    0.0003    0.0000          
       T2tN1_T2tN1       nan       nan          
       T1tN1_T1tN1    0.0004    0.0001          
   GbB1bN1_GbB1bN1    0.0000    0.0000          
   #----  A Loose  ----#
   Nobs:              5333
   Nbg:               4700.0(500.0)
   Nvis_UL[observed]: 1341.2
           Process       Nev    R[obs]
             Total    0.1195    0.0001
       B1bN1_B1bN1    0.0746    0.0001          
   GtT1tN1_GtT1tN1    0.0063    0.0000          
       T2tN1_T2tN1       nan       nan          
       T1tN1_T1tN1    0.0243    0.0000          
   GbB1bN1_GbB1bN1    0.0143    0.0000          
   #----  A Medium  ----#
   Nobs:              135
   Nbg:               122.0(18.0)
   Nvis_UL[observed]: 51.3
           Process       Nev    R[obs]
             Total    0.0119    0.0002
       B1bN1_B1bN1    0.0050    0.0001          
       T2tN1_T2tN1       nan       nan          
   GbB1bN1_GbB1bN1    0.0044    0.0001          
   GtT1tN1_GtT1tN1    0.0014    0.0000          
       T1tN1_T1tN1    0.0012    0.0000          
   #----  B Medium  ----#
   Nobs:              29
   Nbg:               33.0(7.0)
   Nvis_UL[observed]: 14.9
           Process       Nev    R[obs]
             Total    0.0067    0.0004
       T2tN1_T2tN1       nan       nan          
   GbB1bN1_GbB1bN1    0.0035    0.0002          
       B1bN1_B1bN1    0.0015    0.0001          
   GtT1tN1_GtT1tN1    0.0011    0.0001          
       T1tN1_T1tN1    0.0005    0.0000          
   #----  B Tight  ----#
   Nobs:              4
   Nbg:               2.4(1.4)
   Nvis_UL[observed]: 6.7
           Process       Nev    R[obs]
             Total    0.0006    0.0001
       T2tN1_T2tN1       nan       nan          
   GbB1bN1_GbB1bN1    0.0005    0.0001          
       B1bN1_B1bN1    0.0001    0.0000          
       T1tN1_T1tN1    0.0000    0.0000          
   GtT1tN1_GtT1tN1    0.0000    0.0000          
   #----  C Medium  ----#
   Nobs:              228
   Nbg:               210.0(40.0)
   Nvis_UL[observed]: 81.2
           Process       Nev    R[obs]
             Total    0.0287    0.0004
       B1bN1_B1bN1    0.0094    0.0001          
       T2tN1_T2tN1       nan       nan          
   GbB1bN1_GbB1bN1    0.0093    0.0001          
       T1tN1_T1tN1    0.0067    0.0001          
   GtT1tN1_GtT1tN1    0.0033    0.0000          
   #----  C Tight  ----#
   Nobs:              0
   Nbg:               1.6(1.4)
   Nvis_UL[observed]: 2.4
           Process       Nev    R[obs]
             Total    0.0014    0.0006
       T2tN1_T2tN1       nan       nan          
   GbB1bN1_GbB1bN1    0.0012    0.0005          
       B1bN1_B1bN1    0.0002    0.0001          
       T1tN1_T1tN1    0.0001    0.0000          
   GtT1tN1_GtT1tN1    0.0000    0.0000          
   #----  D  ----#
   Nobs:              18
   Nbg:               15.0(5.0)
   Nvis_UL[observed]: 15.5
           Process       Nev    R[obs]
             Total    0.0059    0.0004
       T2tN1_T2tN1       nan       nan          
   GbB1bN1_GbB1bN1    0.0028    0.0002          
   GtT1tN1_GtT1tN1    0.0014    0.0001          
       B1bN1_B1bN1    0.0010    0.0001          
       T1tN1_T1tN1    0.0008    0.0000          
   #----  E Loose  ----#
   Nobs:              166
   Nbg:               113.0(21.0)
   Nvis_UL[observed]: 92.4
           Process       Nev    R[obs]
             Total    0.0082    0.0001
   GtT1tN1_GtT1tN1    0.0030    0.0000          
       B1bN1_B1bN1    0.0010    0.0000          
       T2tN1_T2tN1       nan       nan          
       T1tN1_T1tN1    0.0031    0.0000          
   GbB1bN1_GbB1bN1    0.0011    0.0000          

------------------------------------------------------------
[ATLAS_CONF_2013_093]
1 lepton + bb(H) + Etmiss [EW production] at 8TeV with $20.3fb^{-1}$ 
https://cds.cern.ch/record/1595756
Ecm/TeV = 8
lumi*fb = 20.3
   #----  SRAh  ----#
   Nobs:              4
   Nbg:               5.4(3.1)
   Nvis_UL[observed]: 6.9
           Process       Nev    R[obs]
             Total    0.0000    0.0000
   GtT1tN1_GtT1tN1    0.0000    0.0000          
       B1bN1_B1bN1    0.0000    0.0000          
       T2tN1_T2tN1       nan       nan          
       T1tN1_T1tN1    0.0000    0.0000          
   GbB1bN1_GbB1bN1    0.0000    0.0000          
   #----  SRBh  ----#
   Nobs:              2
   Nbg:               2.1(0.7)
   Nvis_UL[observed]: 4.4
           Process       Nev    R[obs]
             Total    0.0001    0.0000
   GtT1tN1_GtT1tN1    0.0000    0.0000          
       B1bN1_B1bN1    0.0000    0.0000          
       T2tN1_T2tN1       nan       nan          
       T1tN1_T1tN1    0.0001    0.0000          
   GbB1bN1_GbB1bN1    0.0000    0.0000          

