[hiscore:1 - Thu Dec 19 15:17:28 2019] loaded 1 hiscores from H1.pcl, and 0 trimmed ones.
[hiscore:1 - Thu Dec 19 15:18:09 2019] loaded 1 hiscores from H1.pcl, and 0 trimmed ones.
[hiscore:1 - Thu Dec 19 15:18:21 2019] loaded 1 hiscores from H1.pcl, and 0 trimmed ones.
[hiscore:1 - Thu Dec 19 15:18:32 2019] loaded 1 hiscores from H1.pcl, and 0 trimmed ones.
[hiscore:1 - Thu Dec 19 15:18:52 2019] loaded 1 hiscores from H1.pcl, and 0 trimmed ones.
[hiscore:1 - Thu Dec 19 15:21:27 2019] lets see if it is above threshold
[hiscore:1 - Thu Dec 19 15:23:56 2019] now save list
[hiscore:1 - Thu Dec 19 15:23:56 2019] saving new hiscore list to H1.pcl
[hiscore:1 - Thu Dec 19 15:23:56 2019] done saving list
[hiscore:1 - Thu Dec 19 15:25:47 2019] lets see if it is above threshold
[hiscore:1 - Thu Dec 19 15:27:08 2019] loaded 1 hiscores from H1.pcl, and 0 trimmed ones.
[hiscore:1 - Thu Dec 19 15:29:03 2019] lets see if it is above threshold
[hiscore:1 - Thu Dec 19 15:29:54 2019] lets see if it is above threshold
[hiscore:1 - Thu Dec 19 15:31:45 2019] lets see if it is above threshold
[hiscore:1 - Thu Dec 19 15:33:38 2019] lets see if it is above threshold
[hiscore:1 - Thu Dec 19 15:34:47 2019] lets see if it is above threshold
[hiscore:1 - Thu Dec 19 15:35:56 2019] lets see if it is above threshold
[hiscore:1 - Thu Dec 19 15:37:03 2019] lets see if it is above threshold
[hiscore:1 - Thu Dec 19 15:38:10 2019] lets see if it is above threshold
[hiscore:1 - Thu Dec 19 15:39:13 2019] lets see if it is above threshold
[hiscore:1 - Thu Dec 19 15:39:22 2019] lets see if it is above threshold
[hiscore:1 - Thu Dec 19 15:39:34 2019] lets see if it is above threshold
[hiscore:1 - Thu Dec 19 15:39:46 2019] lets see if it is above threshold
[hiscore:1 - Thu Dec 19 15:39:58 2019] lets see if it is above threshold
[hiscore:1 - Thu Dec 19 15:40:10 2019] lets see if it is above threshold
[hiscore:1 - Thu Dec 19 15:40:23 2019] lets see if it is above threshold
[hiscore:1 - Thu Dec 19 15:40:36 2019] lets see if it is above threshold
[hiscore:1 - Thu Dec 19 15:40:48 2019] lets see if it is above threshold
[hiscore:1 - Thu Dec 19 15:41:17 2019] lets see if it is above threshold
[hiscore:1 - Thu Dec 19 15:41:43 2019] lets see if it is above threshold
[hiscore:1 - Thu Dec 19 15:45:19 2019] lets see if it is above threshold
[hiscore:1 - Thu Dec 19 15:46:56 2019] loaded 1 hiscores from H1.pcl, and 0 trimmed ones.
[hiscore:1 - Thu Dec 19 15:47:03 2019] lets see if it is above threshold
[hiscore:1 - Thu Dec 19 15:47:07 2019] lets see if it is above threshold
[hiscore:1 - Thu Dec 19 15:47:11 2019] lets see if it is above threshold
[hiscore:1 - Thu Dec 19 15:47:16 2019] lets see if it is above threshold
[hiscore:1 - Thu Dec 19 15:47:21 2019] lets see if it is above threshold
[hiscore:1 - Thu Dec 19 15:49:32 2019] loaded 1 hiscores from H1.pcl, and 0 trimmed ones.
[hiscore:1 - Thu Dec 19 15:49:42 2019] lets see if it is above threshold
[hiscore:1 - Thu Dec 19 15:49:49 2019] lets see if it is above threshold
[hiscore:1 - Thu Dec 19 15:49:55 2019] lets see if it is above threshold
[hiscore:1 - Thu Dec 19 15:50:00 2019] lets see if it is above threshold
[hiscore:1 - Thu Dec 19 15:50:05 2019] lets see if it is above threshold
[hiscore:1 - Thu Dec 19 15:50:10 2019] lets see if it is above threshold
[hiscore:1 - Thu Dec 19 15:50:15 2019] lets see if it is above threshold
[hiscore:1 - Thu Dec 19 15:50:21 2019] lets see if it is above threshold
[hiscore:1 - Thu Dec 19 15:50:28 2019] lets see if it is above threshold
[hiscore:1 - Thu Dec 19 15:50:34 2019] lets see if it is above threshold
[hiscore:1 - Thu Dec 19 15:50:42 2019] lets see if it is above threshold
[hiscore:1 - Thu Dec 19 15:50:53 2019] lets see if it is above threshold
[hiscore:1 - Thu Dec 19 15:51:02 2019] lets see if it is above threshold
[hiscore:1 - Thu Dec 19 15:51:09 2019] lets see if it is above threshold
[hiscore:1 - Thu Dec 19 15:51:17 2019] lets see if it is above threshold
[hiscore:1 - Thu Dec 19 15:51:26 2019] lets see if it is above threshold
[hiscore:1 - Thu Dec 19 15:51:31 2019] lets see if it is above threshold
[hiscore:1 - Thu Dec 19 15:51:36 2019] lets see if it is above threshold
[hiscore:1 - Thu Dec 19 15:51:43 2019] lets see if it is above threshold
[hiscore:1 - Thu Dec 19 15:51:48 2019] lets see if it is above threshold
[hiscore:1 - Thu Dec 19 15:51:54 2019] lets see if it is above threshold
[hiscore:1 - Thu Dec 19 15:52:00 2019] lets see if it is above threshold
[hiscore:1 - Thu Dec 19 15:52:06 2019] lets see if it is above threshold
[hiscore:1 - Thu Dec 19 15:52:12 2019] lets see if it is above threshold
[hiscore:0 - Thu Dec 19 17:54:03 2019] loaded 1 hiscores from hiscore.pcl, and 1 trimmed ones.
[hiscore:0 - Thu Dec 19 17:54:04 2019] saving new hiscore list to hiscore.pcl
[hiscore:0 - Thu Dec 19 20:35:19 2019] loaded 1 hiscores from hiscore.pcl, and 1 trimmed ones.
[hiscore:0 - Thu Dec 19 20:35:19 2019] saving new hiscore list to hiscore.pcl
[trimmer:117 - Thu Dec 19 21:05:02 2019] try to discard ss multipliers that are 1
[trimmer:117 - Thu Dec 19 21:09:14 2019] remove frozen SSMs
[hiscore:0 - Tue Dec 24 15:41:27 2019] loaded 1 hiscores from hiscore.pcl, and 1 trimmed ones.
[hiscore:0 - Tue Dec 24 15:41:27 2019] saving new hiscore list to hiscore.pcl
[hiscore:0 - Tue Dec 24 15:48:31 2019] loaded 1 hiscores from hiscore.pcl, and 1 trimmed ones.
[hiscore:0 - Tue Dec 24 15:48:31 2019] saving new hiscore list to hiscore.pcl
[hiscore:0 - Tue Dec 24 16:17:18 2019] loaded 1 hiscores from hiscore.pcl, and 1 trimmed ones.
[hiscore:0 - Tue Dec 24 16:17:18 2019] saving new hiscore list to hiscore.pcl
[hiscore:0 - Tue Dec 24 16:48:34 2019] loaded 1 hiscores from hiscore.pcl, and 1 trimmed ones.
[hiscore:0 - Tue Dec 24 16:48:34 2019] saving new hiscore list to hiscore.pcl
[hiscore:1 - Tue Dec 24 17:09:01 2019] loaded 1 hiscores from H1.pcl, and 0 trimmed ones.
[hiscore:1 - Tue Dec 24 17:10:03 2019] loaded 1 hiscores from H1.pcl, and 0 trimmed ones.
[hiscore:1 - Tue Dec 24 17:10:53 2019] loaded 1 hiscores from H1.pcl, and 0 trimmed ones.
[hiscore:1 - Tue Dec 24 17:12:39 2019] is the new result of walker 1 above threshold: 2.168755504171556 > 2.6106342737407093?
